

HI-TECH Software PIC PRO Macro Assembler V9.83 build 10920 
                                                                                               Thu Nov 25 15:49:36 2021

HI-TECH Software Omniscient Code Generator (PRO mode) build 10920
     1                           	processor	16F685
     2                           	opt	pw 120
     3                           	opt	pm
     4                           	psect	text165,local,class=CODE,delta=2
     5                           	psect	cinit,global,class=CODE,delta=2
     6                           	psect	bssCOMMON,global,class=COMMON,space=1,delta=1
     7                           	psect	cstackCOMMON,global,class=COMMON,space=1,delta=1
     8                           	psect	maintext,global,class=CODE,delta=2
     9                           	psect	text166,local,class=CODE,delta=2
    10                           	psect	text167,local,class=CODE,delta=2
    11                           	psect	text168,local,class=CODE,delta=2
    12                           	psect	text169,local,class=CODE,delta=2
    13                           	psect	text170,local,class=CODE,delta=2
    14                           	psect	text171,local,class=CODE,delta=2
    15                           	psect	text172,local,class=CODE,delta=2
    16                           	psect	text173,local,class=CODE,delta=2
    17                           	psect	text174,local,class=CODE,delta=2
    18                           	psect	text175,local,class=CODE,delta=2
    19                           	psect	text176,local,class=CODE,delta=2
    20                           	psect	text177,local,class=CODE,delta=2
    21                           	psect	text178,local,class=CODE,delta=2
    22                           	psect	text179,local,class=CODE,delta=2
    23                           	psect	intentry,global,class=CODE,delta=2
    24                           	psect	text180,local,class=CODE,delta=2
    25                           	psect	pa_nodes,global,class=CODE,delta=2
    26                           	dabs	1,0x19D,1
    27                           	dabs	1,0x19E,1
    28                           	dabs	1,0x19E,1
    29                           	dabs	1,0x19E,1
    30                           	dabs	1,0x18C,1
    31                           	dabs	1,0x19E,1
    32                           	dabs	1,0x19E,1
    33                           	dabs	1,0x19E,1
    34                           	dabs	1,0x19E,1
    35                           	dabs	1,0x19D,1
    36                           	dabs	1,0x19D,1
    37                           	dabs	1,0x19D,1
    38                           	dabs	1,0x19D,1
    39                           	dabs	1,0x19D,1
    40                           	dabs	1,0x18C,1
    41                           	dabs	1,0x7E,2
    42  000A                     
    43                           	psect	text165
    44  0000                     __ptext165:	
    45  019D                     _PSTRCON	set	413	;_PSTRCON
    46  019E                     _SRCON	set	414	;_SRCON
    47  0CF5                     _C1SEN	set	3317	;_C1SEN
    48  0CF4                     _C2REN	set	3316	;_C2REN
    49  0C67                     _EEPGD	set	3175	;_EEPGD
    50  0CF2                     _PULSR	set	3314	;_PULSR
    51  0CF3                     _PULSS	set	3315	;_PULSS
    52  0CF6                     _SR0	set	3318	;_SR0
    53  0CF7                     _SR1	set	3319	;_SR1
    54  0CE8                     _STRA	set	3304	;_STRA
    55  0CE9                     _STRB	set	3305	;_STRB
    56  0CEA                     _STRC	set	3306	;_STRC
    57  0CEB                     _STRD	set	3307	;_STRD
    58  0CEC                     _STRSYNC	set	3308	;_STRSYNC
    59  0C62                     _WREN	set	3170	;_WREN
    60  0019                     _CMCON0	set	25
    61  000B                     _INTCON	set	11
    62  001B                     _MSCKCON	set	27
    63  0005                     _PORTA	set	5
    64  0007                     _PORTC	set	7
    65  0010                     _T1CON	set	16
    66  000F                     _TMR1H	set	15
    67  000E                     _TMR1L	set	14
    68  00F8                     _ADON	set	248
    69  005F                     _GIE	set	95
    70  005B                     _PAIE	set	91
    71  0058                     _PAIF	set	88
    72  005E                     _PEIE	set	94
    73  0029                     _RA1	set	41
    74  002E                     _RA6	set	46
    75  003A                     _RC2	set	58
    76  003C                     _RC4	set	60
    77  00DC                     _SLVREN	set	220
    78  00C0                     _SWDTEN	set	192
    79  0060                     _TMR1IF	set	96
    80  0080                     _TMR1ON	set	128
    81  0091                     _ANSEL	set	145
    82  0081                     _OPTION	set	129
    83  008F                     _OSCCON	set	143
    84  0085                     _TRISA	set	133
    85  0087                     _TRISC	set	135
    86  0095                     _WPUA	set	149
    87  0088                     _WPUC	set	136
    88  04B1                     _IOCA1	set	1201
    89  0460                     _TMR1IE	set	1120
    90  043A                     _TRISC2	set	1082
    91  011A                     _PR5L	set	282
    92  011B                     _PWM5CR0	set	283
    93  011C                     _PWM5CR1	set	284
    94  011D                     _T5CKDIV	set	285
    95  0119                     _TMR5H	set	281
    96  0118                     _TMR5L	set	280
    97  08E0                     _TMR5IF	set	2272
    98  08E2                     _TMR5ON	set	2274
    99                           
   100                           	psect	cinit
   101  010D                     start_initialization:	
   102                           
   103                           ; Clear objects allocated to COMMON
   104  010D  01F7               	clrf	__pbssCOMMON& (0+127)
   105  010E  01F8               	clrf	(__pbssCOMMON+1)& (0+127)
   106  010F  01F9               	clrf	(__pbssCOMMON+2)& (0+127)
   107  0110  01FA               	clrf	(__pbssCOMMON+3)& (0+127)
   108  0111                     end_of_initialization:	
   109                           ;End of C runtime variable initialization code
   110                           
   111  0111  0183               	clrf	3
   112  0112  28CE               	ljmp	_main	;jump to C main() function
   113                           
   114                           	psect	bssCOMMON
   115  0077                     __pbssCOMMON:	
   116  0077                     _deviceSeepCnt:	
   117  0077                     	ds	1
   118  0078                     _deviceStatus:	
   119  0078                     	ds	1
   120  0079                     _keyFlag:	
   121  0079                     	ds	1
   122  007A                     _keyPressCnt:	
   123  007A                     	ds	1
   124                           
   125                           	psect	cstackCOMMON
   126  0070                     __pcstackCOMMON:	
   127  0070                     ?_SET_PWM5_ON:	
   128  0070                     ?_led_flash:	
   129                           ; 0 bytes @ 0x0
   130                           
   131  0070                     ?_SET_PWM5_OFF:	
   132                           ; 0 bytes @ 0x0
   133                           
   134  0070                     ?_DEVICE_INIT:	
   135                           ; 0 bytes @ 0x0
   136                           
   137  0070                     ?_PWM_INIT:	
   138                           ; 0 bytes @ 0x0
   139                           
   140  0070                     ?_IOCA1_INIT:	
   141                           ; 0 bytes @ 0x0
   142                           
   143  0070                     ?_TIMER1_INIT:	
   144                           ; 0 bytes @ 0x0
   145                           
   146  0070                     ?_ENABLE_INTERRUPT:	
   147                           ; 0 bytes @ 0x0
   148                           
   149  0070                     ?_sleep_open:	
   150                           ; 0 bytes @ 0x0
   151                           
   152  0070                     ?_DELAY_1MS:	
   153                           ; 0 bytes @ 0x0
   154                           
   155  0070                     ?_ISR:	
   156                           ; 0 bytes @ 0x0
   157                           
   158  0070                     ??_ISR:	
   159                           ; 0 bytes @ 0x0
   160                           
   161  0070                     ?_keyFunc:	
   162                           ; 0 bytes @ 0x0
   163                           
   164  0070                     ?_main:	
   165                           ; 0 bytes @ 0x0
   166                           
   167  0070                     ?_sleep_init:	
   168                           ; 0 bytes @ 0x0
   169                           
   170                           
   171                           ; 0 bytes @ 0x0
   172  0070                     	ds	2
   173  0072                     ??_SET_PWM5_ON:	
   174  0072                     ??_SET_PWM5_OFF:	
   175                           ; 0 bytes @ 0x2
   176                           
   177  0072                     ??_DEVICE_INIT:	
   178                           ; 0 bytes @ 0x2
   179                           
   180  0072                     ??_PWM_INIT:	
   181                           ; 0 bytes @ 0x2
   182                           
   183  0072                     ??_IOCA1_INIT:	
   184                           ; 0 bytes @ 0x2
   185                           
   186  0072                     ??_TIMER1_INIT:	
   187                           ; 0 bytes @ 0x2
   188                           
   189  0072                     ??_ENABLE_INTERRUPT:	
   190                           ; 0 bytes @ 0x2
   191                           
   192  0072                     ??_sleep_open:	
   193                           ; 0 bytes @ 0x2
   194                           
   195  0072                     ??_DELAY_1MS:	
   196                           ; 0 bytes @ 0x2
   197                           
   198  0072                     ??_sleep_init:	
   199                           ; 0 bytes @ 0x2
   200                           
   201  0072                     DELAY_1MS@a:	
   202                           ; 0 bytes @ 0x2
   203                           
   204                           
   205                           ; 1 bytes @ 0x2
   206  0072                     	ds	1
   207  0073                     ?_DELAY_MS:	
   208  0073                     DELAY_MS@Time:	
   209                           ; 0 bytes @ 0x3
   210                           
   211                           
   212                           ; 2 bytes @ 0x3
   213  0073                     	ds	2
   214  0075                     ??_DELAY_MS:	
   215  0075                     DELAY_MS@a:	
   216                           ; 0 bytes @ 0x5
   217                           
   218                           
   219                           ; 2 bytes @ 0x5
   220  0075                     	ds	2
   221  0077                     ??_led_flash:	
   222  0077                     ??_keyFunc:	
   223                           ; 0 bytes @ 0x7
   224                           
   225  0077                     ??_main:	
   226                           ; 0 bytes @ 0x7
   227                           
   228                           
   229                           	psect	maintext
   230  00CE                     __pmaintext:	
   231                           ; 0 bytes @ 0x7
   232 ;;Data sizes: Strings 0, constant 0, data 0, bss 4, persistent 0 stack 0
   233 ;;Auto spaces:   Size  Autos    Used
   234 ;; COMMON          14      7      11
   235 ;; BANK0           80      0       0
   236 ;; BANK1           32      0       0
   237 ;;
   238 ;; Pointer list with targets:
   239 ;;
   240 ;; Critical Paths under _main in COMMON
   241 ;;
   242 ;;   _led_flash->_DELAY_MS
   243 ;;   _DELAY_MS->_DELAY_1MS
   244 ;;
   245 ;; Critical Paths under _ISR in COMMON
   246 ;;
   247 ;;   None.
   248 ;;
   249 ;; Critical Paths under _main in BANK0
   250 ;;
   251 ;;   None.
   252 ;;
   253 ;; Critical Paths under _ISR in BANK0
   254 ;;
   255 ;;   None.
   256 ;;
   257 ;; Critical Paths under _main in BANK1
   258 ;;
   259 ;;   None.
   260 ;;
   261 ;; Critical Paths under _ISR in BANK1
   262 ;;
   263 ;;   None.
   264 ;;
   265 ;;Main: autosize = 0, tempsize = 0, incstack = 0, save=0
   266 ;;
   267 ;;
   268 ;;Call Graph Tables:
   269 ;;
   270 ;; ---------------------------------------------------------------------------------
   271 ;; (Depth) Function   	        Calls       Base Space   Used Autos Params    Refs
   272 ;; ---------------------------------------------------------------------------------
   273 ;; (0) _main                                                 0     0      0      60
   274 ;;                        _DEVICE_INIT
   275 ;;                           _PWM_INIT
   276 ;;                         _IOCA1_INIT
   277 ;;                        _TIMER1_INIT
   278 ;;                   _ENABLE_INTERRUPT
   279 ;;                         _sleep_open
   280 ;;                            _keyFunc
   281 ;; ---------------------------------------------------------------------------------
   282 ;; (1) _keyFunc                                              0     0      0      60
   283 ;;                        _SET_PWM5_ON
   284 ;;                          _led_flash
   285 ;;                       _SET_PWM5_OFF
   286 ;; ---------------------------------------------------------------------------------
   287 ;; (1) _sleep_open                                           0     0      0       0
   288 ;;                         _sleep_init
   289 ;; ---------------------------------------------------------------------------------
   290 ;; (2) _led_flash                                            0     0      0      60
   291 ;;                           _DELAY_MS
   292 ;; ---------------------------------------------------------------------------------
   293 ;; (2) _sleep_init                                           0     0      0       0
   294 ;; ---------------------------------------------------------------------------------
   295 ;; (3) _DELAY_MS                                             4     2      2      60
   296 ;;                                              3 COMMON     4     2      2
   297 ;;                          _DELAY_1MS
   298 ;; ---------------------------------------------------------------------------------
   299 ;; (1) _ENABLE_INTERRUPT                                     0     0      0       0
   300 ;; ---------------------------------------------------------------------------------
   301 ;; (1) _TIMER1_INIT                                          0     0      0       0
   302 ;; ---------------------------------------------------------------------------------
   303 ;; (1) _IOCA1_INIT                                           0     0      0       0
   304 ;; ---------------------------------------------------------------------------------
   305 ;; (1) _PWM_INIT                                             0     0      0       0
   306 ;; ---------------------------------------------------------------------------------
   307 ;; (1) _DEVICE_INIT                                          0     0      0       0
   308 ;; ---------------------------------------------------------------------------------
   309 ;; (2) _SET_PWM5_OFF                                         0     0      0       0
   310 ;; ---------------------------------------------------------------------------------
   311 ;; (2) _SET_PWM5_ON                                          0     0      0       0
   312 ;; ---------------------------------------------------------------------------------
   313 ;; (4) _DELAY_1MS                                            1     1      0      30
   314 ;;                                              2 COMMON     1     1      0
   315 ;; ---------------------------------------------------------------------------------
   316 ;; Estimated maximum stack depth 4
   317 ;; ---------------------------------------------------------------------------------
   318 ;; (Depth) Function   	        Calls       Base Space   Used Autos Params    Refs
   319 ;; ---------------------------------------------------------------------------------
   320 ;; (5) _ISR                                                  2     2      0       0
   321 ;;                                              0 COMMON     2     2      0
   322 ;; ---------------------------------------------------------------------------------
   323 ;; Estimated maximum stack depth 5
   324 ;; ---------------------------------------------------------------------------------
   325 ;; Call Graph Graphs:
   326 ;; _main (ROOT)
   327 ;;   _DEVICE_INIT
   328 ;;   _PWM_INIT
   329 ;;   _IOCA1_INIT
   330 ;;   _TIMER1_INIT
   331 ;;   _ENABLE_INTERRUPT
   332 ;;   _sleep_open
   333 ;;     _sleep_init
   334 ;;   _keyFunc
   335 ;;     _SET_PWM5_ON
   336 ;;     _led_flash
   337 ;;       _DELAY_MS
   338 ;;         _DELAY_1MS
   339 ;;     _SET_PWM5_OFF
   340 ;;
   341 ;; _ISR (ROOT)
   342 ;;
   343 ;; Address spaces:
   344 ;;Name               Size   Autos  Total    Cost      Usage
   345 ;;BITCOMMON            E      0       0       0        0.0%
   346 ;;EEDATA             100      0       0       0        0.0%
   347 ;;NULL                 0      0       0       0        0.0%
   348 ;;CODE                 0      0       0       0        0.0%
   349 ;;COMMON               E      7       B       1       78.6%
   350 ;;BITSFR0              0      0       0       1        0.0%
   351 ;;SFR0                 0      0       0       1        0.0%
   352 ;;BITSFR1              0      0       0       2        0.0%
   353 ;;SFR1                 0      0       0       2        0.0%
   354 ;;STACK                0      0       4       2        0.0%
   355 ;;BITBANK0            50      0       0       3        0.0%
   356 ;;BANK0               50      0       0       4        0.0%
   357 ;;BITBANK1            20      0       0       5        0.0%
   358 ;;BITSFR2              0      0       0       5        0.0%
   359 ;;SFR2                 0      0       0       5        0.0%
   360 ;;BANK1               20      0       0       6        0.0%
   361 ;;ABS                  0      0       B       7        0.0%
   362 ;;DATA                 0      0       F       8        0.0%
   363                           
   364                           
   365 ;; *************** function _main *****************
   366 ;; Defined at:
   367 ;;		line 23 in file "main.c"
   368 ;; Parameters:    Size  Location     Type
   369 ;;		None
   370 ;; Auto vars:     Size  Location     Type
   371 ;;		None
   372 ;; Return value:  Size  Location     Type
   373 ;;		None               void
   374 ;; Registers used:
   375 ;;		wreg, status,2, status,0, pclath, cstack
   376 ;; Tracked objects:
   377 ;;		On entry : 17F/0
   378 ;;		On exit  : 60/20
   379 ;;		Unchanged: 0/0
   380 ;; Data sizes:     COMMON   BANK0   BANK1
   381 ;;      Params:         0       0       0
   382 ;;      Locals:         0       0       0
   383 ;;      Temps:          0       0       0
   384 ;;      Totals:         0       0       0
   385 ;;Total ram usage:        0 bytes
   386 ;; Hardware stack levels required when called:    5
   387 ;; This function calls:
   388 ;;		_DEVICE_INIT
   389 ;;		_PWM_INIT
   390 ;;		_IOCA1_INIT
   391 ;;		_TIMER1_INIT
   392 ;;		_ENABLE_INTERRUPT
   393 ;;		_sleep_open
   394 ;;		_keyFunc
   395 ;; This function is called by:
   396 ;;		Startup code after reset
   397 ;; This function uses a non-reentrant model
   398 ;;
   399  00CE                     _main:	
   400                           
   401                           ;main.c: 24: DEVICE_INIT();
   402                           
   403                           ; Regs used in _main: [wreg+status,2+status,0+pclath+cstack]
   404  00CE  208F               	fcall	_DEVICE_INIT
   405                           
   406                           ;main.c: 25: PWM_INIT();
   407  00CF  20AC               	fcall	_PWM_INIT
   408                           
   409                           ;main.c: 26: IOCA1_INIT();
   410  00D0  2113               	fcall	_IOCA1_INIT
   411                           
   412                           ;main.c: 27: TIMER1_INIT();
   413  00D1  2106               	fcall	_TIMER1_INIT
   414                           
   415                           ;main.c: 28: ENABLE_INTERRUPT();
   416  00D2  20F6               	fcall	_ENABLE_INTERRUPT
   417  00D3                     l9837:	
   418  00D3  0064               	clrwdt	;#
   419                           
   420                           ;main.c: 32: sleep_open();
   421  00D4  20E4               	fcall	_sleep_open
   422                           
   423                           ;main.c: 33: if( keyFlag == 1){
   424  00D5  0B79               	decfsz	_keyFlag,w
   425  00D6  28D3               	goto	l9837
   426                           
   427                           ;main.c: 34: keyFunc();
   428  00D7  203D               	fcall	_keyFunc
   429  00D8  28D3               	goto	l9837
   430  00D9                     __end_of_main:	
   431                           
   432                           	psect	text166
   433  003D                     __ptext166:	
   434 ;; =============== function _main ends ============
   435                           
   436                           
   437 ;; *************** function _keyFunc *****************
   438 ;; Defined at:
   439 ;;		line 45 in file "key.c"
   440 ;; Parameters:    Size  Location     Type
   441 ;;		None
   442 ;; Auto vars:     Size  Location     Type
   443 ;;		None
   444 ;; Return value:  Size  Location     Type
   445 ;;		None               void
   446 ;; Registers used:
   447 ;;		wreg, status,2, status,0, pclath, cstack
   448 ;; Tracked objects:
   449 ;;		On entry : 0/0
   450 ;;		On exit  : 60/20
   451 ;;		Unchanged: FFE00/0
   452 ;; Data sizes:     COMMON   BANK0   BANK1
   453 ;;      Params:         0       0       0
   454 ;;      Locals:         0       0       0
   455 ;;      Temps:          0       0       0
   456 ;;      Totals:         0       0       0
   457 ;;Total ram usage:        0 bytes
   458 ;; Hardware stack levels used:    1
   459 ;; Hardware stack levels required when called:    4
   460 ;; This function calls:
   461 ;;		_SET_PWM5_ON
   462 ;;		_led_flash
   463 ;;		_SET_PWM5_OFF
   464 ;; This function is called by:
   465 ;;		_main
   466 ;; This function uses a non-reentrant model
   467 ;;
   468  003D                     _keyFunc:	
   469                           
   470                           ;key.c: 46: TMR1ON = 0;
   471                           
   472                           ; Regs used in _keyFunc: [wreg+status,2+status,0+pclath+cstack]
   473  003D  1283               	bcf	3,5	;RP0=0, select bank0
   474  003E  1303               	bcf	3,6	;RP1=0, select bank0
   475  003F  1010               	bcf	16,0
   476                           
   477                           ;key.c: 47: TMR1IE = 0;
   478  0040  1683               	bsf	3,5	;RP0=1, select bank1
   479  0041  100C               	bcf	12,0
   480                           
   481                           ;key.c: 48: if(deviceStatus == 0){
   482  0042  08F8               	movf	_deviceStatus,f
   483  0043  1D03               	skipz
   484  0044  284E               	goto	l9807
   485  0045  3009               	movlw	9
   486                           
   487                           ;key.c: 49: RA6 = 1;
   488  0046  1283               	bcf	3,5	;RP0=0, select bank0
   489  0047  1705               	bsf	5,6
   490                           
   491                           ;key.c: 50: T5CKDIV = 9;
   492  0048  1703               	bsf	3,6	;RP1=1, select bank2
   493  0049  009D               	movwf	29	;volatile
   494                           
   495                           ;key.c: 51: SET_PWM5_ON();
   496  004A  20ED               	fcall	_SET_PWM5_ON
   497                           
   498                           ;key.c: 52: deviceStatus = 1;
   499  004B  01F8               	clrf	_deviceStatus
   500  004C  0AF8               	incf	_deviceStatus,f
   501                           
   502                           ;key.c: 53: }
   503  004D  2863               	goto	l9827
   504  004E                     l9807:	
   505                           
   506                           ;key.c: 54: else if(deviceStatus == 1){
   507  004E  0378               	decf	_deviceStatus,w
   508  004F  1D03               	skipz
   509  0050  2859               	goto	l9815
   510                           
   511                           ;key.c: 55: led_flash();
   512  0051  20D9               	fcall	_led_flash
   513                           
   514                           ;key.c: 56: T5CKDIV = 8;
   515  0052  3008               	movlw	8
   516  0053  1703               	bsf	3,6	;RP1=1, select bank2
   517  0054  009D               	movwf	29	;volatile
   518                           
   519                           ;key.c: 57: SET_PWM5_ON();
   520  0055  20ED               	fcall	_SET_PWM5_ON
   521                           
   522                           ;key.c: 58: deviceStatus = 2;
   523  0056  3002               	movlw	2
   524  0057  00F8               	movwf	_deviceStatus
   525                           
   526                           ;key.c: 59: }
   527  0058  2863               	goto	l9827
   528  0059                     l9815:	
   529                           
   530                           ;key.c: 60: else if(deviceStatus == 2){
   531  0059  0878               	movf	_deviceStatus,w
   532  005A  3A02               	xorlw	2
   533  005B  1D03               	skipz
   534  005C  2863               	goto	l9827
   535                           
   536                           ;key.c: 61: deviceStatus =0;
   537  005D  01F8               	clrf	_deviceStatus
   538                           
   539                           ;key.c: 62: SET_PWM5_OFF();
   540  005E  2119               	fcall	_SET_PWM5_OFF
   541                           
   542                           ;key.c: 63: deviceSeepCnt = 0;
   543  005F  01F7               	clrf	_deviceSeepCnt
   544                           
   545                           ;key.c: 64: RC2= 0;
   546  0060  1303               	bcf	3,6	;RP1=0, select bank0
   547  0061  1107               	bcf	7,2
   548                           
   549                           ;key.c: 65: RA6 = 0;
   550  0062  1305               	bcf	5,6
   551  0063                     l9827:	
   552                           
   553                           ;key.c: 66: }
   554                           ;key.c: 67: keyFlag = 2;
   555  0063  3002               	movlw	2
   556  0064  00F9               	movwf	_keyFlag
   557                           
   558                           ;key.c: 68: TMR1ON = 1;
   559  0065  1283               	bcf	3,5	;RP0=0, select bank0
   560  0066  1303               	bcf	3,6	;RP1=0, select bank0
   561  0067  1410               	bsf	16,0
   562                           
   563                           ;key.c: 69: TMR1IE = 1;
   564  0068  1683               	bsf	3,5	;RP0=1, select bank1
   565  0069  140C               	bsf	12,0
   566  006A  0008               	return
   567  006B                     __end_of_keyFunc:	
   568                           
   569                           	psect	text167
   570  00E4                     __ptext167:	
   571 ;; =============== function _keyFunc ends ============
   572                           
   573                           
   574 ;; *************** function _sleep_open *****************
   575 ;; Defined at:
   576 ;;		line 62 in file "sleep.c"
   577 ;; Parameters:    Size  Location     Type
   578 ;;		None
   579 ;; Auto vars:     Size  Location     Type
   580 ;;		None
   581 ;; Return value:  Size  Location     Type
   582 ;;		None               void
   583 ;; Registers used:
   584 ;;		wreg, status,2, status,0, pclath, cstack
   585 ;; Tracked objects:
   586 ;;		On entry : 0/0
   587 ;;		On exit  : 0/0
   588 ;;		Unchanged: 0/0
   589 ;; Data sizes:     COMMON   BANK0   BANK1
   590 ;;      Params:         0       0       0
   591 ;;      Locals:         0       0       0
   592 ;;      Temps:          0       0       0
   593 ;;      Totals:         0       0       0
   594 ;;Total ram usage:        0 bytes
   595 ;; Hardware stack levels used:    1
   596 ;; Hardware stack levels required when called:    2
   597 ;; This function calls:
   598 ;;		_sleep_init
   599 ;; This function is called by:
   600 ;;		_main
   601 ;; This function uses a non-reentrant model
   602 ;;
   603  00E4                     _sleep_open:	
   604                           
   605                           ;sleep.c: 63: if(deviceStatus == 0){
   606                           
   607                           ; Regs used in _sleep_open: [wreg+status,2+status,0+pclath+cstack]
   608  00E4  08F8               	movf	_deviceStatus,f
   609  00E5  1D03               	skipz
   610  00E6  0008               	return
   611                           
   612                           ;sleep.c: 64: if(deviceSeepCnt >= 200){
   613  00E7  30C8               	movlw	200
   614  00E8  0277               	subwf	_deviceSeepCnt,w
   615  00E9  1C03               	skipc
   616  00EA  0008               	return
   617                           
   618                           ;sleep.c: 65: deviceSeepCnt = 0;
   619  00EB  01F7               	clrf	_deviceSeepCnt
   620                           
   621                           ;sleep.c: 66: sleep_init();
   622  00EC  286B               	ljmp	l9753
   623  00ED                     __end_of_sleep_open:	
   624                           
   625                           	psect	text168
   626  00D9                     __ptext168:	
   627 ;; =============== function _sleep_open ends ============
   628                           
   629                           
   630 ;; *************** function _led_flash *****************
   631 ;; Defined at:
   632 ;;		line 6 in file "led.c"
   633 ;; Parameters:    Size  Location     Type
   634 ;;		None
   635 ;; Auto vars:     Size  Location     Type
   636 ;;		None
   637 ;; Return value:  Size  Location     Type
   638 ;;		None               void
   639 ;; Registers used:
   640 ;;		wreg, status,2, status,0, pclath, cstack
   641 ;; Tracked objects:
   642 ;;		On entry : 60/20
   643 ;;		On exit  : 60/0
   644 ;;		Unchanged: FFE00/0
   645 ;; Data sizes:     COMMON   BANK0   BANK1
   646 ;;      Params:         0       0       0
   647 ;;      Locals:         0       0       0
   648 ;;      Temps:          0       0       0
   649 ;;      Totals:         0       0       0
   650 ;;Total ram usage:        0 bytes
   651 ;; Hardware stack levels used:    1
   652 ;; Hardware stack levels required when called:    3
   653 ;; This function calls:
   654 ;;		_DELAY_MS
   655 ;; This function is called by:
   656 ;;		_keyFunc
   657 ;; This function uses a non-reentrant model
   658 ;;
   659  00D9                     _led_flash:	
   660  00D9  30F4               	movlw	244
   661                           
   662                           ;led.c: 7: RA6 = 0;
   663                           
   664                           ; Regs used in _led_flash: [wreg+status,2+status,0+pclath+cstack]
   665  00DA  1283               	bcf	3,5	;RP0=0, select bank0
   666  00DB  1305               	bcf	5,6
   667                           
   668                           ;led.c: 8: DELAY_MS(500);
   669  00DC  00F3               	movwf	?_DELAY_MS
   670  00DD  3001               	movlw	1
   671  00DE  00F4               	movwf	?_DELAY_MS+1
   672  00DF  20BF               	fcall	_DELAY_MS
   673                           
   674                           ;led.c: 9: RA6 = 1;
   675  00E0  1283               	bcf	3,5	;RP0=0, select bank0
   676  00E1  1303               	bcf	3,6	;RP1=0, select bank0
   677  00E2  1705               	bsf	5,6
   678  00E3  0008               	return
   679  00E4                     __end_of_led_flash:	
   680                           
   681                           	psect	text169
   682  006B                     __ptext169:	
   683 ;; =============== function _led_flash ends ============
   684                           
   685                           
   686 ;; *************** function _sleep_init *****************
   687 ;; Defined at:
   688 ;;		line 24 in file "sleep.c"
   689 ;; Parameters:    Size  Location     Type
   690 ;;		None
   691 ;; Auto vars:     Size  Location     Type
   692 ;;		None
   693 ;; Return value:  Size  Location     Type
   694 ;;		None               void
   695 ;; Registers used:
   696 ;;		wreg
   697 ;; Tracked objects:
   698 ;;		On entry : 0/0
   699 ;;		On exit  : 60/20
   700 ;;		Unchanged: 0/0
   701 ;; Data sizes:     COMMON   BANK0   BANK1
   702 ;;      Params:         0       0       0
   703 ;;      Locals:         0       0       0
   704 ;;      Temps:          0       0       0
   705 ;;      Totals:         0       0       0
   706 ;;Total ram usage:        0 bytes
   707 ;; Hardware stack levels used:    1
   708 ;; Hardware stack levels required when called:    1
   709 ;; This function calls:
   710 ;;		Nothing
   711 ;; This function is called by:
   712 ;;		_sleep_open
   713 ;; This function uses a non-reentrant model
   714 ;;
   715  006B                     _sleep_init:	
   716  006B                     l9753:	
   717                           ; Regs used in _sleep_init: [wreg]
   718                           
   719                           
   720                           ;sleep.c: 25: GIE = 0;
   721  006B  138B               	bcf	11,7
   722                           
   723                           ;sleep.c: 26: ADON = 0;
   724  006C  1283               	bcf	3,5	;RP0=0, select bank0
   725  006D  1303               	bcf	3,6	;RP1=0, select bank0
   726  006E  101F               	bcf	31,0
   727  006F  0064               	clrwdt	;#
   728                           
   729                           ;sleep.c: 28: TMR1ON = 0;
   730  0070  1283               	bcf	3,5	;RP0=0, select bank0
   731  0071  1303               	bcf	3,6	;RP1=0, select bank0
   732  0072  1010               	bcf	16,0
   733                           
   734                           ;sleep.c: 29: TMR1IE = 0;
   735  0073  1683               	bsf	3,5	;RP0=1, select bank1
   736  0074  100C               	bcf	12,0
   737                           
   738                           ;sleep.c: 30: SWDTEN = 0;
   739  0075  1283               	bcf	3,5	;RP0=0, select bank0
   740  0076  1018               	bcf	24,0
   741                           
   742                           ;sleep.c: 34: SLVREN = 0;
   743  0077  121B               	bcf	27,4
   744                           
   745                           ;sleep.c: 38: IOCA1 = 1;
   746  0078  1683               	bsf	3,5	;RP0=1, select bank1
   747  0079  1496               	bsf	22,1
   748                           
   749                           ;sleep.c: 39: Temp_Read = PORTA;
   750  007A  1283               	bcf	3,5	;RP0=0, select bank0
   751  007B  0805               	movf	5,w	;volatile
   752                           
   753                           ;sleep.c: 40: PAIF = 0;
   754  007C  100B               	bcf	11,0
   755                           
   756                           ;sleep.c: 41: PAIE = 1;
   757  007D  158B               	bsf	11,3
   758  007E  0063               	sleep	;#
   759                           
   760                           ;sleep.c: 43: _nop();
   761  007F  0000               	nop
   762                           
   763                           ;sleep.c: 44: PAIE = 0;
   764  0080  118B               	bcf	11,3
   765                           
   766                           ;sleep.c: 45: Temp_Read = PORTA;
   767  0081  1283               	bcf	3,5	;RP0=0, select bank0
   768  0082  1303               	bcf	3,6	;RP1=0, select bank0
   769  0083  0805               	movf	5,w	;volatile
   770                           
   771                           ;sleep.c: 46: PAIF = 0;
   772  0084  100B               	bcf	11,0
   773                           
   774                           ;sleep.c: 47: SWDTEN = 1;
   775  0085  1418               	bsf	24,0
   776                           
   777                           ;sleep.c: 48: SLVREN = 1;
   778  0086  161B               	bsf	27,4
   779  0087  0064               	clrwdt	;#
   780                           
   781                           ;sleep.c: 50: TMR1ON = 1;
   782  0088  1283               	bcf	3,5	;RP0=0, select bank0
   783  0089  1303               	bcf	3,6	;RP1=0, select bank0
   784  008A  1410               	bsf	16,0
   785                           
   786                           ;sleep.c: 51: TMR1IE = 1;
   787  008B  1683               	bsf	3,5	;RP0=1, select bank1
   788  008C  140C               	bsf	12,0
   789                           
   790                           ;sleep.c: 52: GIE = 1;
   791  008D  178B               	bsf	11,7
   792  008E  0008               	return
   793  008F                     __end_of_sleep_init:	
   794                           
   795                           	psect	text170
   796  00BF                     __ptext170:	
   797 ;; =============== function _sleep_init ends ============
   798                           
   799                           
   800 ;; *************** function _DELAY_MS *****************
   801 ;; Defined at:
   802 ;;		line 20 in file "delay.c"
   803 ;; Parameters:    Size  Location     Type
   804 ;;  Time            2    3[COMMON] unsigned int 
   805 ;; Auto vars:     Size  Location     Type
   806 ;;  a               2    5[COMMON] unsigned int 
   807 ;; Return value:  Size  Location     Type
   808 ;;		None               void
   809 ;; Registers used:
   810 ;;		wreg, status,2, status,0, pclath, cstack
   811 ;; Tracked objects:
   812 ;;		On entry : 60/0
   813 ;;		On exit  : 0/0
   814 ;;		Unchanged: FFE00/0
   815 ;; Data sizes:     COMMON   BANK0   BANK1
   816 ;;      Params:         2       0       0
   817 ;;      Locals:         2       0       0
   818 ;;      Temps:          0       0       0
   819 ;;      Totals:         4       0       0
   820 ;;Total ram usage:        4 bytes
   821 ;; Hardware stack levels used:    1
   822 ;; Hardware stack levels required when called:    2
   823 ;; This function calls:
   824 ;;		_DELAY_1MS
   825 ;; This function is called by:
   826 ;;		_led_flash
   827 ;; This function uses a non-reentrant model
   828 ;;
   829  00BF                     _DELAY_MS:	
   830                           
   831                           ;delay.c: 21: unsigned int a;
   832                           ;delay.c: 23: for(a=0;a<Time;a++)
   833                           
   834                           ; Regs used in _DELAY_MS: [wreg+status,2+status,0+pclath+cstack]
   835  00BF  01F5               	clrf	DELAY_MS@a
   836  00C0  01F6               	clrf	DELAY_MS@a+1
   837  00C1                     l9751:	
   838  00C1  0874               	movf	DELAY_MS@Time+1,w
   839  00C2  0276               	subwf	DELAY_MS@a+1,w
   840  00C3  1D03               	skipz
   841  00C4  28C7               	goto	u135
   842  00C5  0873               	movf	DELAY_MS@Time,w
   843  00C6  0275               	subwf	DELAY_MS@a,w
   844  00C7                     u135:	
   845  00C7  1803               	btfsc	3,0
   846  00C8  0008               	return
   847                           
   848                           ;delay.c: 24: {
   849                           ;delay.c: 25: DELAY_1MS();
   850  00C9  20FE               	fcall	_DELAY_1MS
   851  00CA  0AF5               	incf	DELAY_MS@a,f
   852  00CB  1903               	skipnz
   853  00CC  0AF6               	incf	DELAY_MS@a+1,f
   854  00CD  28C1               	goto	l9751
   855  00CE                     __end_of_DELAY_MS:	
   856                           
   857                           	psect	text171
   858  00F6                     __ptext171:	
   859 ;; =============== function _DELAY_MS ends ============
   860                           
   861                           
   862 ;; *************** function _ENABLE_INTERRUPT *****************
   863 ;; Defined at:
   864 ;;		line 29 in file "time.c"
   865 ;; Parameters:    Size  Location     Type
   866 ;;		None
   867 ;; Auto vars:     Size  Location     Type
   868 ;;		None
   869 ;; Return value:  Size  Location     Type
   870 ;;		None               void
   871 ;; Registers used:
   872 ;;		None
   873 ;; Tracked objects:
   874 ;;		On entry : 17F/0
   875 ;;		On exit  : 17F/0
   876 ;;		Unchanged: FFE80/0
   877 ;; Data sizes:     COMMON   BANK0   BANK1
   878 ;;      Params:         0       0       0
   879 ;;      Locals:         0       0       0
   880 ;;      Temps:          0       0       0
   881 ;;      Totals:         0       0       0
   882 ;;Total ram usage:        0 bytes
   883 ;; Hardware stack levels used:    1
   884 ;; Hardware stack levels required when called:    1
   885 ;; This function calls:
   886 ;;		Nothing
   887 ;; This function is called by:
   888 ;;		_main
   889 ;; This function uses a non-reentrant model
   890 ;;
   891  00F6                     _ENABLE_INTERRUPT:	
   892                           
   893                           ;time.c: 30: TMR1IF = 0;
   894                           
   895                           ; Regs used in _ENABLE_INTERRUPT: []
   896  00F6  100C               	bcf	12,0
   897                           
   898                           ;time.c: 31: TMR1IE = 1;
   899  00F7  1683               	bsf	3,5	;RP0=1, select bank1
   900  00F8  140C               	bsf	12,0
   901                           
   902                           ;time.c: 32: PEIE = 1;
   903  00F9  170B               	bsf	11,6
   904                           
   905                           ;time.c: 33: GIE = 1;
   906  00FA  178B               	bsf	11,7
   907                           
   908                           ;time.c: 34: TMR1ON = 1;
   909  00FB  1283               	bcf	3,5	;RP0=0, select bank0
   910  00FC  1410               	bsf	16,0
   911  00FD  0008               	return
   912  00FE                     __end_of_ENABLE_INTERRUPT:	
   913                           
   914                           	psect	text172
   915  0106                     __ptext172:	
   916 ;; =============== function _ENABLE_INTERRUPT ends ============
   917                           
   918                           
   919 ;; *************** function _TIMER1_INIT *****************
   920 ;; Defined at:
   921 ;;		line 14 in file "time.c"
   922 ;; Parameters:    Size  Location     Type
   923 ;;		None
   924 ;; Auto vars:     Size  Location     Type
   925 ;;		None
   926 ;; Return value:  Size  Location     Type
   927 ;;		None               void
   928 ;; Registers used:
   929 ;;		wreg
   930 ;; Tracked objects:
   931 ;;		On entry : 17F/0
   932 ;;		On exit  : 17F/0
   933 ;;		Unchanged: FFE80/0
   934 ;; Data sizes:     COMMON   BANK0   BANK1
   935 ;;      Params:         0       0       0
   936 ;;      Locals:         0       0       0
   937 ;;      Temps:          0       0       0
   938 ;;      Totals:         0       0       0
   939 ;;Total ram usage:        0 bytes
   940 ;; Hardware stack levels used:    1
   941 ;; Hardware stack levels required when called:    1
   942 ;; This function calls:
   943 ;;		Nothing
   944 ;; This function is called by:
   945 ;;		_main
   946 ;; This function uses a non-reentrant model
   947 ;;
   948  0106                     _TIMER1_INIT:	
   949                           
   950                           ;time.c: 15: TMR1H = 0xF6;
   951                           
   952                           ; Regs used in _TIMER1_INIT: [wreg]
   953  0106  30F6               	movlw	246
   954  0107  008F               	movwf	15	;volatile
   955                           
   956                           ;time.c: 16: TMR1L = 0x3B;
   957  0108  303B               	movlw	59
   958  0109  008E               	movwf	14	;volatile
   959                           
   960                           ;time.c: 17: T1CON = 0B00100000;
   961  010A  3020               	movlw	32
   962  010B  0090               	movwf	16	;volatile
   963  010C  0008               	return
   964  010D                     __end_of_TIMER1_INIT:	
   965                           
   966                           	psect	text173
   967  0113                     __ptext173:	
   968 ;; =============== function _TIMER1_INIT ends ============
   969                           
   970                           
   971 ;; *************** function _IOCA1_INIT *****************
   972 ;; Defined at:
   973 ;;		line 10 in file "sleep.c"
   974 ;; Parameters:    Size  Location     Type
   975 ;;		None
   976 ;; Auto vars:     Size  Location     Type
   977 ;;		None
   978 ;; Return value:  Size  Location     Type
   979 ;;		None               void
   980 ;; Registers used:
   981 ;;		wreg
   982 ;; Tracked objects:
   983 ;;		On entry : 17F/20
   984 ;;		On exit  : 17F/0
   985 ;;		Unchanged: FFE80/0
   986 ;; Data sizes:     COMMON   BANK0   BANK1
   987 ;;      Params:         0       0       0
   988 ;;      Locals:         0       0       0
   989 ;;      Temps:          0       0       0
   990 ;;      Totals:         0       0       0
   991 ;;Total ram usage:        0 bytes
   992 ;; Hardware stack levels used:    1
   993 ;; Hardware stack levels required when called:    1
   994 ;; This function calls:
   995 ;;		Nothing
   996 ;; This function is called by:
   997 ;;		_main
   998 ;; This function uses a non-reentrant model
   999 ;;
  1000  0113                     _IOCA1_INIT:	
  1001                           
  1002                           ;sleep.c: 11: IOCA1 = 1;
  1003                           
  1004                           ; Regs used in _IOCA1_INIT: [wreg]
  1005  0113  1496               	bsf	22,1
  1006                           
  1007                           ;sleep.c: 12: Temp_Read = PORTA;
  1008  0114  1283               	bcf	3,5	;RP0=0, select bank0
  1009  0115  0805               	movf	5,w	;volatile
  1010                           
  1011                           ;sleep.c: 13: PAIF = 0;
  1012  0116  100B               	bcf	11,0
  1013                           
  1014                           ;sleep.c: 14: PAIE = 0;
  1015  0117  118B               	bcf	11,3
  1016  0118  0008               	return
  1017  0119                     __end_of_IOCA1_INIT:	
  1018                           
  1019                           	psect	text174
  1020  00AC                     __ptext174:	
  1021 ;; =============== function _IOCA1_INIT ends ============
  1022                           
  1023                           
  1024 ;; *************** function _PWM_INIT *****************
  1025 ;; Defined at:
  1026 ;;		line 10 in file "pwm.c"
  1027 ;; Parameters:    Size  Location     Type
  1028 ;;		None
  1029 ;; Auto vars:     Size  Location     Type
  1030 ;;		None
  1031 ;; Return value:  Size  Location     Type
  1032 ;;		None               void
  1033 ;; Registers used:
  1034 ;;		wreg, status,2
  1035 ;; Tracked objects:
  1036 ;;		On entry : 17F/0
  1037 ;;		On exit  : 17F/20
  1038 ;;		Unchanged: FFE80/0
  1039 ;; Data sizes:     COMMON   BANK0   BANK1
  1040 ;;      Params:         0       0       0
  1041 ;;      Locals:         0       0       0
  1042 ;;      Temps:          0       0       0
  1043 ;;      Totals:         0       0       0
  1044 ;;Total ram usage:        0 bytes
  1045 ;; Hardware stack levels used:    1
  1046 ;; Hardware stack levels required when called:    1
  1047 ;; This function calls:
  1048 ;;		Nothing
  1049 ;; This function is called by:
  1050 ;;		_main
  1051 ;; This function uses a non-reentrant model
  1052 ;;
  1053  00AC                     _PWM_INIT:	
  1054  00AC  3002               	movlw	2
  1055                           
  1056                           ;pwm.c: 11: TRISC2 = 1;
  1057                           
  1058                           ; Regs used in _PWM_INIT: [wreg+status,2]
  1059  00AD  1683               	bsf	3,5	;RP0=1, select bank1
  1060  00AE  1507               	bsf	7,2
  1061                           
  1062                           ;pwm.c: 12: PWM5CR0 = 0b00000010;
  1063  00AF  1283               	bcf	3,5	;RP0=0, select bank2
  1064  00B0  1703               	bsf	3,6	;RP1=1, select bank2
  1065  00B1  009B               	movwf	27	;volatile
  1066                           
  1067                           ;pwm.c: 13: PWM5CR1 = 0b10000000;
  1068  00B2  3080               	movlw	128
  1069  00B3  009C               	movwf	28	;volatile
  1070                           
  1071                           ;pwm.c: 14: T5CKDIV = 9;
  1072  00B4  3009               	movlw	9
  1073  00B5  009D               	movwf	29	;volatile
  1074                           
  1075                           ;pwm.c: 15: TMR5H = 0;
  1076  00B6  0199               	clrf	25	;volatile
  1077                           
  1078                           ;pwm.c: 16: TMR5L = 0;
  1079  00B7  0198               	clrf	24	;volatile
  1080                           
  1081                           ;pwm.c: 17: PR5L = 8;
  1082  00B8  3008               	movlw	8
  1083  00B9  009A               	movwf	26	;volatile
  1084                           
  1085                           ;pwm.c: 18: TMR5IF = 0;
  1086  00BA  101C               	bcf	28,0
  1087                           
  1088                           ;pwm.c: 19: TRISC2 = 0;
  1089  00BB  1683               	bsf	3,5	;RP0=1, select bank1
  1090  00BC  1303               	bcf	3,6	;RP1=0, select bank1
  1091  00BD  1107               	bcf	7,2
  1092  00BE  0008               	return
  1093  00BF                     __end_of_PWM_INIT:	
  1094                           
  1095                           	psect	text175
  1096  008F                     __ptext175:	
  1097 ;; =============== function _PWM_INIT ends ============
  1098                           
  1099                           
  1100 ;; *************** function _DEVICE_INIT *****************
  1101 ;; Defined at:
  1102 ;;		line 16 in file "io.c"
  1103 ;; Parameters:    Size  Location     Type
  1104 ;;		None
  1105 ;; Auto vars:     Size  Location     Type
  1106 ;;		None
  1107 ;; Return value:  Size  Location     Type
  1108 ;;		None               void
  1109 ;; Registers used:
  1110 ;;		wreg, status,2
  1111 ;; Tracked objects:
  1112 ;;		On entry : 17F/0
  1113 ;;		On exit  : 17F/0
  1114 ;;		Unchanged: FFE80/0
  1115 ;; Data sizes:     COMMON   BANK0   BANK1
  1116 ;;      Params:         0       0       0
  1117 ;;      Locals:         0       0       0
  1118 ;;      Temps:          0       0       0
  1119 ;;      Totals:         0       0       0
  1120 ;;Total ram usage:        0 bytes
  1121 ;; Hardware stack levels used:    1
  1122 ;; Hardware stack levels required when called:    1
  1123 ;; This function calls:
  1124 ;;		Nothing
  1125 ;; This function is called by:
  1126 ;;		_main
  1127 ;; This function uses a non-reentrant model
  1128 ;;
  1129  008F                     _DEVICE_INIT:	
  1130                           
  1131                           ;io.c: 17: OSCCON = 0B01010001;
  1132                           
  1133                           ; Regs used in _DEVICE_INIT: [wreg+status,2]
  1134  008F  3051               	movlw	81
  1135  0090  1683               	bsf	3,5	;RP0=1, select bank1
  1136  0091  008F               	movwf	15	;volatile
  1137                           
  1138                           ;io.c: 21: MSCKCON = 0B00000000;
  1139  0092  1283               	bcf	3,5	;RP0=0, select bank0
  1140  0093  019B               	clrf	27	;volatile
  1141                           
  1142                           ;io.c: 25: INTCON = 0B00000000;
  1143  0094  018B               	clrf	11	;volatile
  1144                           
  1145                           ;io.c: 27: CMCON0 = 0B00000111;
  1146  0095  3007               	movlw	7
  1147  0096  0099               	movwf	25	;volatile
  1148                           
  1149                           ;io.c: 28: ANSEL = 0B00000000;
  1150  0097  1683               	bsf	3,5	;RP0=1, select bank1
  1151  0098  0191               	clrf	17	;volatile
  1152                           
  1153                           ;io.c: 30: PORTA = 0B00000000;
  1154  0099  1283               	bcf	3,5	;RP0=0, select bank0
  1155  009A  0185               	clrf	5	;volatile
  1156                           
  1157                           ;io.c: 31: TRISA = 0B10111111;
  1158  009B  30BF               	movlw	191
  1159  009C  1683               	bsf	3,5	;RP0=1, select bank1
  1160  009D  0085               	movwf	5	;volatile
  1161                           
  1162                           ;io.c: 32: WPUA = 0B10111111;
  1163  009E  0095               	movwf	21	;volatile
  1164                           
  1165                           ;io.c: 34: PORTC = 0B00000000;
  1166  009F  1283               	bcf	3,5	;RP0=0, select bank0
  1167  00A0  0187               	clrf	7	;volatile
  1168                           
  1169                           ;io.c: 35: TRISC = 0B11101111;
  1170  00A1  30EF               	movlw	239
  1171  00A2  1683               	bsf	3,5	;RP0=1, select bank1
  1172  00A3  0087               	movwf	7	;volatile
  1173                           
  1174                           ;io.c: 36: WPUC = 0B11111011;
  1175  00A4  30FB               	movlw	251
  1176  00A5  0088               	movwf	8	;volatile
  1177                           
  1178                           ;io.c: 38: OPTION = 0B00001000;
  1179  00A6  3008               	movlw	8
  1180  00A7  0081               	movwf	1	;volatile
  1181                           
  1182                           ;io.c: 40: RA6 = 0;
  1183  00A8  1283               	bcf	3,5	;RP0=0, select bank0
  1184  00A9  1305               	bcf	5,6
  1185                           
  1186                           ;io.c: 41: RC4 = 1;
  1187  00AA  1607               	bsf	7,4
  1188  00AB  0008               	return
  1189  00AC                     __end_of_DEVICE_INIT:	
  1190                           
  1191                           	psect	text176
  1192  0119                     __ptext176:	
  1193 ;; =============== function _DEVICE_INIT ends ============
  1194                           
  1195                           
  1196 ;; *************** function _SET_PWM5_OFF *****************
  1197 ;; Defined at:
  1198 ;;		line 32 in file "pwm.c"
  1199 ;; Parameters:    Size  Location     Type
  1200 ;;		None
  1201 ;; Auto vars:     Size  Location     Type
  1202 ;;		None
  1203 ;; Return value:  Size  Location     Type
  1204 ;;		None               void
  1205 ;; Registers used:
  1206 ;;		status,2
  1207 ;; Tracked objects:
  1208 ;;		On entry : 60/20
  1209 ;;		On exit  : 60/40
  1210 ;;		Unchanged: FFF9F/0
  1211 ;; Data sizes:     COMMON   BANK0   BANK1
  1212 ;;      Params:         0       0       0
  1213 ;;      Locals:         0       0       0
  1214 ;;      Temps:          0       0       0
  1215 ;;      Totals:         0       0       0
  1216 ;;Total ram usage:        0 bytes
  1217 ;; Hardware stack levels used:    1
  1218 ;; Hardware stack levels required when called:    1
  1219 ;; This function calls:
  1220 ;;		Nothing
  1221 ;; This function is called by:
  1222 ;;		_keyFunc
  1223 ;; This function uses a non-reentrant model
  1224 ;;
  1225  0119                     _SET_PWM5_OFF:	
  1226                           
  1227                           ;pwm.c: 33: TMR5ON = 0;
  1228                           
  1229                           ; Regs used in _SET_PWM5_OFF: [status,2]
  1230  0119  1283               	bcf	3,5	;RP0=0, select bank2
  1231  011A  1703               	bsf	3,6	;RP1=1, select bank2
  1232  011B  111C               	bcf	28,2
  1233                           
  1234                           ;pwm.c: 34: PWM5CR1 = 0b00000000;
  1235  011C  019C               	clrf	28	;volatile
  1236  011D  0008               	return
  1237  011E                     __end_of_SET_PWM5_OFF:	
  1238                           
  1239                           	psect	text177
  1240  00ED                     __ptext177:	
  1241 ;; =============== function _SET_PWM5_OFF ends ============
  1242                           
  1243                           
  1244 ;; *************** function _SET_PWM5_ON *****************
  1245 ;; Defined at:
  1246 ;;		line 24 in file "pwm.c"
  1247 ;; Parameters:    Size  Location     Type
  1248 ;;		None
  1249 ;; Auto vars:     Size  Location     Type
  1250 ;;		None
  1251 ;; Return value:  Size  Location     Type
  1252 ;;		None               void
  1253 ;; Registers used:
  1254 ;;		wreg
  1255 ;; Tracked objects:
  1256 ;;		On entry : 60/40
  1257 ;;		On exit  : 60/40
  1258 ;;		Unchanged: FFE00/0
  1259 ;; Data sizes:     COMMON   BANK0   BANK1
  1260 ;;      Params:         0       0       0
  1261 ;;      Locals:         0       0       0
  1262 ;;      Temps:          0       0       0
  1263 ;;      Totals:         0       0       0
  1264 ;;Total ram usage:        0 bytes
  1265 ;; Hardware stack levels used:    1
  1266 ;; Hardware stack levels required when called:    1
  1267 ;; This function calls:
  1268 ;;		Nothing
  1269 ;; This function is called by:
  1270 ;;		_keyFunc
  1271 ;; This function uses a non-reentrant model
  1272 ;;
  1273  00ED                     _SET_PWM5_ON:	
  1274                           
  1275                           ;pwm.c: 25: PWM5CR1 = 0b10000000;
  1276                           
  1277                           ; Regs used in _SET_PWM5_ON: [wreg]
  1278  00ED  3080               	movlw	128
  1279  00EE  009C               	movwf	28	;volatile
  1280                           
  1281                           ;pwm.c: 26: TMR5ON = 1;
  1282  00EF  151C               	bsf	28,2
  1283  00F0                     l5390:	
  1284                           ;pwm.c: 27: while(TMR5IF==0) asm("clrwdt");
  1285                           
  1286  00F0  1283               	bcf	3,5	;RP0=0, select bank2
  1287  00F1  1703               	bsf	3,6	;RP1=1, select bank2
  1288  00F2  181C               	btfsc	28,0
  1289  00F3  0008               	return
  1290  00F4  0064               	clrwdt	;#
  1291  00F5  28F0               	goto	l5390
  1292  00F6                     __end_of_SET_PWM5_ON:	
  1293                           
  1294                           	psect	text178
  1295  00FE                     __ptext178:	
  1296 ;; =============== function _SET_PWM5_ON ends ============
  1297                           
  1298                           
  1299 ;; *************** function _DELAY_1MS *****************
  1300 ;; Defined at:
  1301 ;;		line 10 in file "delay.c"
  1302 ;; Parameters:    Size  Location     Type
  1303 ;;		None
  1304 ;; Auto vars:     Size  Location     Type
  1305 ;;  a               1    2[COMMON] unsigned char 
  1306 ;; Return value:  Size  Location     Type
  1307 ;;		None               void
  1308 ;; Registers used:
  1309 ;;		wreg, status,2, status,0
  1310 ;; Tracked objects:
  1311 ;;		On entry : 0/0
  1312 ;;		On exit  : 0/0
  1313 ;;		Unchanged: FFE00/0
  1314 ;; Data sizes:     COMMON   BANK0   BANK1
  1315 ;;      Params:         0       0       0
  1316 ;;      Locals:         1       0       0
  1317 ;;      Temps:          0       0       0
  1318 ;;      Totals:         1       0       0
  1319 ;;Total ram usage:        1 bytes
  1320 ;; Hardware stack levels used:    1
  1321 ;; Hardware stack levels required when called:    1
  1322 ;; This function calls:
  1323 ;;		Nothing
  1324 ;; This function is called by:
  1325 ;;		_DELAY_MS
  1326 ;; This function uses a non-reentrant model
  1327 ;;
  1328  00FE                     _DELAY_1MS:	
  1329                           
  1330                           ;delay.c: 11: unsigned char a;
  1331                           ;delay.c: 13: for(a=0;a<250;a++)
  1332                           
  1333                           ; Regs used in _DELAY_1MS: [wreg+status,2+status,0]
  1334  00FE  01F2               	clrf	DELAY_1MS@a
  1335  00FF                     l1065:	
  1336  00FF  0064               	clrwdt	;#
  1337  0100  30FA               	movlw	250
  1338  0101  0AF2               	incf	DELAY_1MS@a,f
  1339  0102  0272               	subwf	DELAY_1MS@a,w
  1340  0103  1803               	btfsc	3,0
  1341  0104  0008               	return
  1342  0105  28FF               	goto	l1065
  1343  0106                     __end_of_DELAY_1MS:	
  1344                           
  1345                           	psect	text179
  1346  000B                     __ptext179:	
  1347 ;; =============== function _DELAY_1MS ends ============
  1348                           
  1349                           
  1350 ;; *************** function _ISR *****************
  1351 ;; Defined at:
  1352 ;;		line 11 in file "key.c"
  1353 ;; Parameters:    Size  Location     Type
  1354 ;;		None
  1355 ;; Auto vars:     Size  Location     Type
  1356 ;;		None
  1357 ;; Return value:  Size  Location     Type
  1358 ;;		None               void
  1359 ;; Registers used:
  1360 ;;		wreg, status,2, status,0
  1361 ;; Tracked objects:
  1362 ;;		On entry : 0/0
  1363 ;;		On exit  : 40/0
  1364 ;;		Unchanged: FFF9F/0
  1365 ;; Data sizes:     COMMON   BANK0   BANK1
  1366 ;;      Params:         0       0       0
  1367 ;;      Locals:         0       0       0
  1368 ;;      Temps:          2       0       0
  1369 ;;      Totals:         2       0       0
  1370 ;;Total ram usage:        2 bytes
  1371 ;; Hardware stack levels used:    1
  1372 ;; This function calls:
  1373 ;;		Nothing
  1374 ;; This function is called by:
  1375 ;;		Interrupt level 1
  1376 ;; This function uses a non-reentrant model
  1377 ;;
  1378  000B                     _ISR:	
  1379                           
  1380                           ;key.c: 12: if(PAIE&&PAIF)
  1381  000B  198B               	btfsc	11,3
  1382  000C  1C0B               	btfss	11,0
  1383  000D  2812               	goto	i1l9661
  1384                           
  1385                           ;key.c: 13: {
  1386                           ;key.c: 14: Temp_Read = PORTA;
  1387  000E  1283               	bcf	3,5	;RP0=0, select bank0
  1388  000F  1303               	bcf	3,6	;RP1=0, select bank0
  1389  0010  0805               	movf	5,w	;volatile
  1390                           
  1391                           ;key.c: 15: PAIF = 0;
  1392  0011  100B               	bcf	11,0
  1393  0012                     i1l9661:	
  1394                           
  1395                           ;key.c: 16: }
  1396                           ;key.c: 18: if(TMR1IE&&TMR1IF)
  1397  0012  1683               	bsf	3,5	;RP0=1, select bank1
  1398  0013  1303               	bcf	3,6	;RP1=0, select bank1
  1399  0014  1C0C               	btfss	12,0
  1400  0015  2836               	goto	i1l2162
  1401  0016  1283               	bcf	3,5	;RP0=0, select bank0
  1402  0017  1C0C               	btfss	12,0
  1403  0018  2836               	goto	i1l2162
  1404                           
  1405                           ;key.c: 19: {
  1406                           ;key.c: 20: if(RA1 == 0)
  1407  0019  1885               	btfsc	5,1
  1408  001A  282A               	goto	i1l2156
  1409  001B  300B               	movlw	11
  1410                           
  1411                           ;key.c: 21: {
  1412                           ;key.c: 22: deviceSeepCnt = 0;
  1413  001C  01F7               	clrf	_deviceSeepCnt
  1414                           
  1415                           ;key.c: 23: if(keyPressCnt <= 10) keyPressCnt++;
  1416  001D  027A               	subwf	_keyPressCnt,w
  1417  001E  1C03               	btfss	3,0
  1418  001F  0AFA               	incf	_keyPressCnt,f
  1419                           
  1420                           ;key.c: 24: if(keyPressCnt == 6&&keyFlag == 0) keyFlag = 1;
  1421  0020  087A               	movf	_keyPressCnt,w
  1422  0021  3A06               	xorlw	6
  1423  0022  1D03               	skipz
  1424  0023  2831               	goto	i1l9685
  1425  0024  08F9               	movf	_keyFlag,f
  1426  0025  1D03               	skipz
  1427  0026  2831               	goto	i1l9685
  1428  0027  01F9               	clrf	_keyFlag
  1429  0028  0AF9               	incf	_keyFlag,f
  1430  0029  2831               	goto	i1l9685
  1431  002A                     i1l2156:	
  1432                           
  1433                           ;key.c: 27: else if(RA1 == 1) {
  1434  002A  1C85               	btfss	5,1
  1435  002B  2831               	goto	i1l9685
  1436                           
  1437                           ;key.c: 28: keyPressCnt = 0;
  1438  002C  01FA               	clrf	_keyPressCnt
  1439                           
  1440                           ;key.c: 29: keyFlag = 0;
  1441  002D  01F9               	clrf	_keyFlag
  1442                           
  1443                           ;key.c: 30: if(deviceStatus == 0) deviceSeepCnt++;
  1444  002E  08F8               	movf	_deviceStatus,f
  1445  002F  1903               	btfsc	3,2
  1446  0030  0AF7               	incf	_deviceSeepCnt,f
  1447  0031                     i1l9685:	
  1448  0031  30F6               	movlw	246
  1449                           
  1450                           ;key.c: 31: }
  1451                           ;key.c: 32: TMR1IF = 0;
  1452  0032  100C               	bcf	12,0
  1453                           
  1454                           ;key.c: 33: TMR1H = 0xF6;
  1455  0033  008F               	movwf	15	;volatile
  1456                           
  1457                           ;key.c: 34: TMR1L = 0x3B;
  1458  0034  303B               	movlw	59
  1459  0035  008E               	movwf	14	;volatile
  1460  0036                     i1l2162:	
  1461  0036  0871               	movf	??_ISR+1,w
  1462  0037  008A               	movwf	10
  1463  0038  0E70               	swapf	??_ISR^(0+-128),w
  1464  0039  0083               	movwf	3
  1465  003A  0EFE               	swapf	126,f
  1466  003B  0E7E               	swapf	126,w
  1467  003C  0009               	retfie
  1468  003D                     __end_of_ISR:	
  1469                           
  1470                           	psect	intentry
  1471  0004                     __pintentry:	
  1472                           ; Regs used in _ISR: [wreg+status,2+status,0]
  1473                           
  1474  0004                     interrupt_function:	
  1475  007E                     saved_w	set	btemp
  1476  0004  00FE               	movwf	btemp
  1477  0005  0E03               	swapf	3,w
  1478  0006  00F0               	movwf	??_ISR
  1479  0007  080A               	movf	10,w
  1480  0008  00F1               	movwf	??_ISR+1
  1481  0009  280B               	ljmp	_ISR
  1482                           
  1483                           	psect	text180
  1484  0000                     __ptext180:	
  1485 ;; =============== function _ISR ends ============
  1486                           
  1487  007E                     btemp	set	126	;btemp
  1488  007E                     wtemp0	set	126


HI-TECH Software PICC Macro Assembler V9.83 build 10920 
Symbol Table                                                                                   Thu Nov 25 15:49:36 2021

       __size_of_DELAY_1MS 0008                        _GIE 005F                        _RA1 0029  
                      _RC2 003A                        _RA6 002E                        _RC4 003C  
                      u135 00C7                        _ISR 000B                        _SR0 0CF6  
                      _SR1 0CF7                       ?_ISR 0070                       l1065 00FF  
                     l1073 0000                       l1067 0000                       l2170 0000  
                     l3237 0000                       l5390 00F0                       l5393 0000  
                     l5387 0000                       l5396 0000                       l6472 0000  
                     l6469 0000                       l7542 0000                       l7545 0000  
                     l8610 0000                       _ADON 00F8                       l9701 0000  
                     l9711 0000                       l9703 0000                       l9713 0000  
                     l9705 0000                       l9721 0000                       l9801 0000  
                     l9651 0000                       l9643 0000                       l9715 0000  
                     l9707 0000                       l9731 0000                       l9723 0000  
                     l9811 0000                       l9803 0000                       l9717 0000  
                     l9709 0000                       l9725 0000                       l9733 0000  
                     l9741 0000                       l9821 0000                       l9813 0000  
                     l9805 0000                       l9719 0000                       l9727 0000  
                     l9735 0000                       l9743 0000                       l9751 00C1  
                     l9831 0000                       l9823 0000                       l9815 0059  
                     l9807 004E                       l9649 0000                       l9729 0000  
                     l9737 0000                       l9745 0000                       l9761 0000  
                     l9753 006B                       l9825 0000                       l9841 0000  
                     l9833 0000                       l9691 0000                       l9739 0000  
                     l9771 0000                       l9763 0000                       l9755 0000  
                     l9819 0000                       l9827 0063                       l9843 0000  
                     l9835 0000                       l9693 0000                       l9749 0000  
                     l9773 0000                       l9765 0000                       l9757 0000  
                     l9781 0000                       l9829 0000                       l9837 00D3  
                     l9695 0000                       l9775 0000                       l9767 0000  
                     l9759 0000                       l9783 0000                       l9839 0000  
                     l9697 0000                       l9777 0000                       l9769 0000  
                     l9785 0000                       l9793 0000                       l9699 0000  
                     l9779 0000                       l9787 0000                       l9795 0000  
                     l9797 0000                       _PAIE 005B                       _PAIF 0058  
                     _PEIE 005E                       _PR5L 011A                       _STRA 0CE8  
                     _STRB 0CE9                       _STRC 0CEA                       _STRD 0CEB  
                     _WREN 0C62                       _WPUA 0095                       _WPUC 0088  
                     _main 00CE                       btemp 007E                       start 000A  
         __end_of_DELAY_MS 00CE                      ??_ISR 0070        __size_of_IOCA1_INIT 0006  
                    _C1SEN 0CF5                      _C2REN 0CF4                      ?_main 0070  
                    _EEPGD 0C67                      _ANSEL 0091                      _T1CON 0010  
                    _IOCA1 04B1                      _TMR1H 000F                      _TMR1L 000E  
                    _TMR5H 0119                      _TMR5L 0118                      _PORTA 0005  
                    _PORTC 0007                      _SRCON 019E                      _PULSR 0CF2  
                    _PULSS 0CF3                      _TRISA 0085                      _TRISC 0087  
     __size_of_DEVICE_INIT 001D            __end_of_keyFunc 006B           __end_of_PWM_INIT 00BF  
                    pclath 000A   __end_of_ENABLE_INTERRUPT 00FE          __end_of_DELAY_1MS 0106  
                    status 0003                      wtemp0 007E               __end_of_main 00D9  
             ?_TIMER1_INIT 0070                     ??_main 0077                     _CMCON0 0019  
                   i1l2162 0036                     i1l2156 002A                     _INTCON 000B  
                   i1l9661 0012                     i1l9653 0000                     i1l9681 0000  
                   i1l9659 0000                     i1l9685 0031                     i1l9669 0000  
                   i1l9687 0000                     i1l9689 0000                     _OSCCON 008F  
                   _TMR1IE 0460                     _TMR1IF 0060                     _TMR5IF 08E0  
                   _OPTION 0081                     _TMR1ON 0080                     _TMR5ON 08E2  
                   _TRISC2 043A                     _SLVREN 00DC                     _SWDTEN 00C0  
                DELAY_MS@a 0075               ?_SET_PWM5_ON 0070                  ??_keyFunc 0077  
                   saved_w 007E                  ?_DELAY_MS 0073               ??_IOCA1_INIT 0072  
           __pcstackCOMMON 0070                  ?_PWM_INIT 0070         __end_of_IOCA1_INIT 0119  
               ??_DELAY_MS 0075         __size_of_led_flash 000B                 __pmaintext 00CE  
               __pintentry 0004                 ??_PWM_INIT 0072                    _T5CKDIV 011D  
     __size_of_TIMER1_INIT 0007                    _MSCKCON 001B                    _PWM5CR0 011B  
                  _PWM5CR1 011C                    _PSTRCON 019D                 DELAY_1MS@a 0072  
                  _STRSYNC 0CEC          ?_ENABLE_INTERRUPT 0070               _deviceStatus 0078  
       ??_ENABLE_INTERRUPT 0072              ?_SET_PWM5_OFF 0070                  _DELAY_1MS 00FE  
        __end_of_led_flash 00E4       __size_of_SET_PWM5_ON 0009              ??_DEVICE_INIT 0072  
                  _keyFlag 0079               __size_of_ISR 0032                    _keyFunc 003D  
     end_of_initialization 0111             ??_SET_PWM5_OFF 0072                 ?_DELAY_1MS 0070  
               _sleep_init 006B                 _sleep_open 00E4        __end_of_DEVICE_INIT 00AC  
        __size_of_DELAY_MS 000F               DELAY_MS@Time 0073          __size_of_PWM_INIT 0013  
      start_initialization 010D                __end_of_ISR 003D                ??_DELAY_1MS 0072  
              ?_sleep_init 0070                ?_sleep_open 0070                _DEVICE_INIT 008F  
     __end_of_SET_PWM5_OFF 011E                __pbssCOMMON 0077                  __ptext170 00BF  
                __ptext171 00F6                  __ptext180 0000                  __ptext172 0106  
                __ptext173 0113                  __ptext165 0000                  __ptext174 00AC  
                __ptext166 003D                  __ptext175 008F                  __ptext167 00E4  
                __ptext176 0119                  __ptext168 00D9                  __ptext177 00ED  
                __ptext169 006B                  __ptext178 00FE                  __ptext179 000B  
__size_of_ENABLE_INTERRUPT 0008              ??_TIMER1_INIT 0072                  _led_flash 00D9  
                 ?_keyFunc 0070                   _DELAY_MS 00BF        __size_of_sleep_init 0024  
      __size_of_sleep_open 0009          interrupt_function 0004              ??_SET_PWM5_ON 0072  
                 _PWM_INIT 00AC                 ?_led_flash 0070        __end_of_TIMER1_INIT 010D  
            _deviceSeepCnt 0077                _keyPressCnt 007A      __size_of_SET_PWM5_OFF 0005  
      __end_of_SET_PWM5_ON 00F6           __size_of_keyFunc 002E                 _IOCA1_INIT 0113  
            __size_of_main 000B               _SET_PWM5_OFF 0119               ??_sleep_init 0072  
             ??_sleep_open 0072           _ENABLE_INTERRUPT 00F6                ??_led_flash 0077  
              _TIMER1_INIT 0106               ?_DEVICE_INIT 0070                   intlevel1 0000  
       __end_of_sleep_init 008F         __end_of_sleep_open 00ED                _SET_PWM5_ON 00ED  
              ?_IOCA1_INIT 0070  
